<?xml version="1.0" encoding="UTF-8"?>
<!-- Generated by org.testng.reporters.JUnitReportReporter -->
<testsuite hostname="skotwal" name="testcases.VerifyLoginpagewithCredentials" tests="2" failures="0" timestamp="18 Dec 2018 23:06:23 GMT" time="8.780" errors="0">
  <testcase name="validLogin" time="6.596" classname="testcases.VerifyLoginpagewithCredentials"/>
  <testcase name="logOut" time="2.184" classname="testcases.VerifyLoginpagewithCredentials"/>
</testsuite> <!-- testcases.VerifyLoginpagewithCredentials -->
