<?xml version="1.0" encoding="UTF-8"?>
<!-- Generated by org.testng.reporters.JUnitReportReporter -->
<testsuite hostname="skotwal" name="testcases.VerifyLoginpagewithCredentials" tests="2" failures="0" timestamp="5 Jan 2019 21:10:02 GMT" time="7.350" errors="0">
  <testcase name="validLogin" time="5.909" classname="testcases.VerifyLoginpagewithCredentials"/>
  <testcase name="logOut" time="1.441" classname="testcases.VerifyLoginpagewithCredentials"/>
</testsuite> <!-- testcases.VerifyLoginpagewithCredentials -->
