<?xml version="1.0" encoding="UTF-8"?>
<!-- Generated by org.testng.reporters.JUnitReportReporter -->
<testsuite hostname="skotwal" name="unitTest.VerifyDataProvider" tests="2" failures="0" timestamp="11 Nov 2018 19:24:33 GMT" time="0.663" errors="0">
  <testcase name="testConfig" time="0.016" classname="unitTest.VerifyDataProvider"/>
  <testcase name="testExcel" time="0.647" classname="unitTest.VerifyDataProvider"/>
</testsuite> <!-- unitTest.VerifyDataProvider -->
