<?xml version="1.0" encoding="UTF-8"?>
<!-- Generated by org.testng.reporters.JUnitReportReporter -->
<testsuite hostname="skotwal" name="unitTest.VerifyExcelDataProvider" tests="1" failures="0" timestamp="11 Nov 2018 19:11:17 GMT" time="0.583" errors="0">
  <testcase name="testExcel" time="0.583" classname="unitTest.VerifyExcelDataProvider"/>
</testsuite> <!-- unitTest.VerifyExcelDataProvider -->
