<?xml version="1.0" encoding="UTF-8"?>
<!-- Generated by org.testng.reporters.JUnitReportReporter -->
<testsuite hostname="skotwal" name="testcases.verifyLoginPagewithdataprovider" tests="2" failures="0" timestamp="18 Dec 2018 19:39:47 GMT" time="9.077" errors="0">
  <testcase name="validLogin" time="4.770" classname="testcases.verifyLoginPagewithdataprovider"/>
  <testcase name="validLogin" time="4.307" classname="testcases.verifyLoginPagewithdataprovider"/>
</testsuite> <!-- testcases.verifyLoginPagewithdataprovider -->
