<?xml version="1.0" encoding="UTF-8"?>
<!-- Generated by org.testng.reporters.JUnitReportReporter -->
<testsuite hostname="skotwal" name="testcases.verifyLoginPage" tests="2" failures="0" timestamp="11 Dec 2018 20:56:22 GMT" time="9.697" errors="0">
  <testcase name="validLogin" time="4.083" classname="testcases.verifyLoginPage"/>
  <testcase name="validLogin" time="5.614" classname="testcases.verifyLoginPage"/>
</testsuite> <!-- testcases.verifyLoginPage -->
