<?xml version="1.0" encoding="UTF-8"?>
<!-- Generated by org.testng.reporters.JUnitReportReporter -->
<testsuite hostname="skotwal" name="unitTest.TestBrowserFactory" tests="1" failures="0" timestamp="11 Nov 2018 19:42:28 GMT" time="6.636" errors="0">
  <testcase name="checkBrowserInstance" time="6.636" classname="unitTest.TestBrowserFactory"/>
</testsuite> <!-- unitTest.TestBrowserFactory -->
