<?xml version="1.0" encoding="UTF-8"?>
<!-- Generated by org.testng.reporters.JUnitReportReporter -->
<testsuite hostname="skotwal" name="testcases.VerifyLoginpagewithCredentials" tests="2" failures="0" timestamp="19 Dec 2018 02:28:53 GMT" time="6.886" errors="0">
  <testcase name="validLogin" time="5.423" classname="testcases.VerifyLoginpagewithCredentials"/>
  <testcase name="logOut" time="1.463" classname="testcases.VerifyLoginpagewithCredentials"/>
</testsuite> <!-- testcases.VerifyLoginpagewithCredentials -->
