<?xml version="1.0" encoding="UTF-8"?>
<!-- Generated by org.testng.reporters.JUnitReportReporter -->
<testsuite hostname="skotwal" name="testcases.VerifyLoginpagewithCredentials" tests="2" failures="0" timestamp="5 Jan 2019 23:02:01 GMT" time="7.266" errors="0">
  <testcase name="validLogin" time="6.423" classname="testcases.VerifyLoginpagewithCredentials"/>
  <testcase name="logOut" time="0.843" classname="testcases.VerifyLoginpagewithCredentials"/>
</testsuite> <!-- testcases.VerifyLoginpagewithCredentials -->
